mode: set
github.com/oktalz/ordered-map/cursor.go:8.32,10.2 1 1
github.com/oktalz/ordered-map/cursor.go:13.44,15.2 1 1
github.com/oktalz/ordered-map/cursor.go:18.31,20.2 1 1
github.com/oktalz/ordered-map/cursor.go:23.37,25.2 1 1
github.com/oktalz/ordered-map/cursor.go:28.58,30.2 1 1
github.com/oktalz/ordered-map/map.go:9.50,14.2 1 1
github.com/oktalz/ordered-map/map.go:17.38,19.2 1 1
github.com/oktalz/ordered-map/map.go:22.49,25.2 2 1
github.com/oktalz/ordered-map/map.go:28.54,29.29 1 1
github.com/oktalz/ordered-map/map.go:29.29,30.17 1 1
github.com/oktalz/ordered-map/map.go:30.17,32.4 1 1
github.com/oktalz/ordered-map/map.go:34.2,34.30 1 1
github.com/oktalz/ordered-map/map.go:38.61,40.42 2 1
github.com/oktalz/ordered-map/map.go:40.42,42.3 1 1
github.com/oktalz/ordered-map/map.go:44.2,47.20 3 1
github.com/oktalz/ordered-map/map.go:54.46,55.39 1 1
github.com/oktalz/ordered-map/map.go:55.39,57.3 1 1
github.com/oktalz/ordered-map/map.go:58.2,58.19 1 1
github.com/oktalz/ordered-map/map.go:62.66,64.12 2 1
github.com/oktalz/ordered-map/map.go:64.12,66.3 1 1
github.com/oktalz/ordered-map/map.go:68.2,68.25 1 1
github.com/oktalz/ordered-map/map.go:68.25,70.3 1 1
github.com/oktalz/ordered-map/map.go:71.2,77.12 6 1
github.com/oktalz/ordered-map/map.go:81.42,86.29 3 1
github.com/oktalz/ordered-map/map.go:86.29,87.17 1 1
github.com/oktalz/ordered-map/map.go:87.17,89.9 2 1
github.com/oktalz/ordered-map/map.go:92.2,92.17 1 1
github.com/oktalz/ordered-map/map.go:92.17,94.3 1 1
github.com/oktalz/ordered-map/map.go:98.59,99.42 1 1
github.com/oktalz/ordered-map/map.go:99.42,101.3 1 1
github.com/oktalz/ordered-map/map.go:103.2,107.12 4 1
github.com/oktalz/ordered-map/map.go:111.42,113.2 1 1
github.com/oktalz/ordered-map/map.go:116.41,119.37 3 1
github.com/oktalz/ordered-map/map.go:119.37,122.3 2 1
github.com/oktalz/ordered-map/map.go:123.2,123.15 1 1
github.com/oktalz/ordered-map/map.go:127.39,129.2 1 1
github.com/oktalz/ordered-map/map.go:138.50,143.2 2 1
